<?xml version="1.0" encoding="UTF-8"?>
<!-- Generated by org.testng.reporters.JUnitXMLReporter -->
<testsuite hostname="ManzoorIlahiHunagund-MacBook.local" ignored="1" name="Test" tests="1" failures="0" timestamp="16 Feb 2018 01:58:35 GMT" time="12.286" errors="0">
  <testcase name="checkLogin" time="2.387" classname="testScripts.validateLoginTest"/>
  <testcase name="demoCheck" time="0.0" classname="testScripts.validateLoginTest">
    <ignored/>
  </testcase> <!-- demoCheck -->
</testsuite> <!-- Test -->
