<?xml version="1.0" encoding="UTF-8"?>
<testng-results skipped="0" failed="0" ignored="0" total="5" passed="5">
  <reporter-output>
  </reporter-output>
  <suite name="Default suite" duration-ms="25976" started-at="2018-02-22T02:54:29Z" finished-at="2018-02-22T02:54:55Z">
    <groups>
    </groups>
    <test name="Default test" duration-ms="25976" started-at="2018-02-22T02:54:29Z" finished-at="2018-02-22T02:54:55Z">
      <class name="testScripts.validateLoginTest">
        <test-method status="PASS" signature="setUp()[pri:0, instance:testScripts.validateLoginTest@13a5fe33]" name="setUp" is-config="true" duration-ms="8600" started-at="2018-02-22T13:54:29Z" finished-at="2018-02-22T13:54:38Z">
          <reporter-output>
          </reporter-output>
        </test-method> <!-- setUp -->
        <test-method status="PASS" signature="checkInvalidLogin(java.lang.String, java.lang.String)[pri:1, instance:testScripts.validateLoginTest@13a5fe33]" name="checkInvalidLogin" duration-ms="3411" started-at="2018-02-22T13:54:39Z" data-provider="getUserData" finished-at="2018-02-22T13:54:42Z">
          <params>
            <param index="0">
              <value>
                <![CDATA[test1]]>
              </value>
            </param>
            <param index="1">
              <value>
                <![CDATA[test]]>
              </value>
            </param>
          </params>
          <reporter-output>
          </reporter-output>
        </test-method> <!-- checkInvalidLogin -->
        <test-method status="PASS" signature="checkInvalidLogin(java.lang.String, java.lang.String)[pri:1, instance:testScripts.validateLoginTest@13a5fe33]" name="checkInvalidLogin" duration-ms="3465" started-at="2018-02-22T13:54:42Z" data-provider="getUserData" finished-at="2018-02-22T13:54:46Z">
          <params>
            <param index="0">
              <value>
                <![CDATA[mngr119222]]>
              </value>
            </param>
            <param index="1">
              <value>
                <![CDATA[wrongpass]]>
              </value>
            </param>
          </params>
          <reporter-output>
          </reporter-output>
        </test-method> <!-- checkInvalidLogin -->
        <test-method status="PASS" signature="checkInvalidLogin(java.lang.String, java.lang.String)[pri:1, instance:testScripts.validateLoginTest@13a5fe33]" name="checkInvalidLogin" duration-ms="3357" started-at="2018-02-22T13:54:46Z" data-provider="getUserData" finished-at="2018-02-22T13:54:49Z">
          <params>
            <param index="0">
              <value>
                <![CDATA[test6]]>
              </value>
            </param>
            <param index="1">
              <value>
                <![CDATA[wronggwggw]]>
              </value>
            </param>
          </params>
          <reporter-output>
          </reporter-output>
        </test-method> <!-- checkInvalidLogin -->
        <test-method status="PASS" signature="checkInvalidLogin(java.lang.String, java.lang.String)[pri:1, instance:testScripts.validateLoginTest@13a5fe33]" name="checkInvalidLogin" duration-ms="3242" started-at="2018-02-22T13:54:49Z" data-provider="getUserData" finished-at="2018-02-22T13:54:52Z">
          <params>
            <param index="0">
              <value is-null="true"/>
            </param>
            <param index="1">
              <value is-null="true"/>
            </param>
          </params>
          <reporter-output>
          </reporter-output>
        </test-method> <!-- checkInvalidLogin -->
        <test-method status="PASS" signature="acheckLogin()[pri:2, instance:testScripts.validateLoginTest@13a5fe33]" name="acheckLogin" duration-ms="2453" started-at="2018-02-22T13:54:52Z" finished-at="2018-02-22T13:54:55Z">
          <reporter-output>
          </reporter-output>
        </test-method> <!-- acheckLogin -->
        <test-method status="PASS" signature="tearDown()[pri:0, instance:testScripts.validateLoginTest@13a5fe33]" name="tearDown" is-config="true" duration-ms="0" started-at="2018-02-22T13:54:55Z" finished-at="2018-02-22T13:54:55Z">
          <reporter-output>
          </reporter-output>
        </test-method> <!-- tearDown -->
      </class> <!-- testScripts.validateLoginTest -->
    </test> <!-- Default test -->
  </suite> <!-- Default suite -->
</testng-results>
